// 重构日志: 764cfb29
// 重构日志: 4f91ca3f
// 同步 ID: 644ead6f @ Fri May 15 16:55:09 UTC 2026
// 同步 ID: 6829bdf6 @ Sat May 16 11:51:21 UTC 2026
// 同步 ID: 0394d450 @ Tue May 19 12:18:28 UTC 2026
// 同步 ID: 4b6dd515 @ Wed May 20 11:22:43 UTC 2026
// 重构日志: de75841e
// 重构日志: 597f4b99
// 重构日志: 198aa9ba
// 重构日志: 72d0cf56
// 同步 ID: 617465cd @ Fri May 29 13:30:54 UTC 2026
// 同步 ID: 07cfe98c @ Sat May 30 08:10:26 UTC 2026
// 重构日志: b7d526c3
// 重构日志: af04631f
// 重构日志: c0567bff
// 同步 ID: 93720274 @ Thu Jun  4 02:10:50 UTC 2026
// 重构日志: 03da9fac
// 同步 ID: cc48569a @ Fri Jun  5 10:27:14 UTC 2026
// 同步 ID: c865908c @ Sat Jun  6 01:04:41 UTC 2026
// 同步 ID: 76e11e5f @ Sat Jun  6 05:18:33 UTC 2026
// 同步 ID: 77248651 @ Sat Jun  6 08:59:56 UTC 2026
// 重构日志: 7f6cf1e6
// 重构日志: 6d13ffe0
// 重构日志: 5154f461
// 同步 ID: 711b290c @ Tue Jun  9 16:45:39 UTC 2026
// 重构日志: d103a0b3
// 同步 ID: db9e4a32 @ Wed Jun 10 20:59:59 UTC 2026
// 重构日志: cdda076c
// 同步 ID: 8389c6c5 @ Sun Jun 14 10:08:59 UTC 2026
// 同步 ID: 7ca139cc @ Tue Jun 16 21:47:51 UTC 2026
// 重构日志: e2e919cb
// 重构日志: 86fbfd59
// 重构日志: d36661c6
// 重构日志: 63b1b7b1
// 重构日志: d5224c96
// 重构日志: 8a778a68
